The system is: Linux - 3.10.0-862.14.4.el7.x86_64 - x86_64
Compiling the Fortran compiler identification source file "CMakeFortranCompilerId.F" succeeded.
Compiler: /opt/rh/devtoolset-7/root/usr/bin/gfortran 
Build flags: 
Id flags: -v 

The output was:
0
Driving: /opt/rh/devtoolset-7/root/usr/bin/gfortran -v CMakeFortranCompilerId.F -l gfortran -l m -shared-libgcc
Using built-in specs.
COLLECT_GCC=/opt/rh/devtoolset-7/root/usr/bin/gfortran
COLLECT_LTO_WRAPPER=/opt/rh/devtoolset-7/root/usr/libexec/gcc/x86_64-redhat-linux/7/lto-wrapper
Target: x86_64-redhat-linux
Configured with: ../configure --enable-bootstrap --enable-languages=c,c++,fortran,lto --prefix=/opt/rh/devtoolset-7/root/usr --mandir=/opt/rh/devtoolset-7/root/usr/share/man --infodir=/opt/rh/devtoolset-7/root/usr/share/info --with-bugurl=http://bugzilla.redhat.com/bugzilla --enable-shared --enable-threads=posix --enable-checking=release --enable-multilib --with-system-zlib --enable-__cxa_atexit --disable-libunwind-exceptions --enable-gnu-unique-object --enable-linker-build-id --with-gcc-major-version-only --enable-plugin --with-linker-hash-style=gnu --enable-initfini-array --with-default-libstdcxx-abi=gcc4-compatible --with-isl=/builddir/build/BUILD/gcc-7.3.1-20180303/obj-x86_64-redhat-linux/isl-install --enable-libmpx --enable-gnu-indirect-function --with-tune=generic --with-arch_32=i686 --build=x86_64-redhat-linux
Thread model: posix
gcc version 7.3.1 20180303 (Red Hat 7.3.1-5) (GCC) 
COLLECT_GCC_OPTIONS='-v' '-shared-libgcc' '-mtune=generic' '-march=x86-64'
 /opt/rh/devtoolset-7/root/usr/libexec/gcc/x86_64-redhat-linux/7/f951 CMakeFortranCompilerId.F -ffixed-form -cpp=/tmp/ccoaTCKn.f90 -quiet -v CMakeFortranCompilerId.F -quiet -dumpbase CMakeFortranCompilerId.F -mtune=generic -march=x86-64 -auxbase CMakeFortranCompilerId -version -fintrinsic-modules-path /opt/rh/devtoolset-7/root/usr/lib/gcc/x86_64-redhat-linux/7/finclude -o /tmp/ccWfI1nR.s
GNU Fortran (GCC) version 7.3.1 20180303 (Red Hat 7.3.1-5) (x86_64-redhat-linux)
	compiled by GNU C version 7.3.1 20180303 (Red Hat 7.3.1-5), GMP version 6.0.0, MPFR version 3.1.1, MPC version 1.0.1, isl version isl-0.16.1-GMP

GGC heuristics: --param ggc-min-expand=100 --param ggc-min-heapsize=131072
ignoring nonexistent directory "/opt/rh/devtoolset-7/root/usr/lib/gcc/x86_64-redhat-linux/7/include-fixed"
ignoring nonexistent directory "/opt/rh/devtoolset-7/root/usr/lib/gcc/x86_64-redhat-linux/7/../../../../x86_64-redhat-linux/include"
#include "..." search starts here:
#include <...> search starts here:
 /opt/rh/devtoolset-7/root/usr/lib/gcc/x86_64-redhat-linux/7/finclude
 /opt/rh/devtoolset-7/root/usr/lib/gcc/x86_64-redhat-linux/7/include
 /usr/local/include
 /opt/rh/devtoolset-7/root/usr/include
 /usr/include
End of search list.
GNU Fortran2008 (GCC) version 7.3.1 20180303 (Red Hat 7.3.1-5) (x86_64-redhat-linux)
	compiled by GNU C version 7.3.1 20180303 (Red Hat 7.3.1-5), GMP version 6.0.0, MPFR version 3.1.1, MPC version 1.0.1, isl version isl-0.16.1-GMP

GGC heuristics: --param ggc-min-expand=100 --param ggc-min-heapsize=131072
COLLECT_GCC_OPTIONS='-v' '-shared-libgcc' '-mtune=generic' '-march=x86-64'
 /opt/rh/devtoolset-7/root/usr/libexec/gcc/x86_64-redhat-linux/7/as -v --64 -o /tmp/cc8i5r8k.o /tmp/ccWfI1nR.s
GNU assembler version 2.28 (x86_64-redhat-linux) using BFD version version 2.28-11.el7
Reading specs from /opt/rh/devtoolset-7/root/usr/lib/gcc/x86_64-redhat-linux/7/libgfortran.spec
rename spec lib to liborig
COLLECT_GCC_OPTIONS='-v' '-shared-libgcc' '-mtune=generic' '-march=x86-64'
COMPILER_PATH=/opt/rh/devtoolset-7/root/usr/libexec/gcc/x86_64-redhat-linux/7/:/opt/rh/devtoolset-7/root/usr/libexec/gcc/x86_64-redhat-linux/7/:/opt/rh/devtoolset-7/root/usr/libexec/gcc/x86_64-redhat-linux/:/opt/rh/devtoolset-7/root/usr/lib/gcc/x86_64-redhat-linux/7/:/opt/rh/devtoolset-7/root/usr/lib/gcc/x86_64-redhat-linux/
LIBRARY_PATH=/opt/rh/devtoolset-7/root/usr/lib/gcc/x86_64-redhat-linux/7/:/opt/rh/devtoolset-7/root/usr/lib/gcc/x86_64-redhat-linux/7/../../../../lib64/:/lib/../lib64/:/usr/lib/../lib64/:/opt/rh/devtoolset-7/root/usr/lib/gcc/x86_64-redhat-linux/7/../../../:/lib/:/usr/lib/
COLLECT_GCC_OPTIONS='-v' '-shared-libgcc' '-mtune=generic' '-march=x86-64'
 /opt/rh/devtoolset-7/root/usr/libexec/gcc/x86_64-redhat-linux/7/collect2 -plugin /opt/rh/devtoolset-7/root/usr/libexec/gcc/x86_64-redhat-linux/7/liblto_plugin.so -plugin-opt=/opt/rh/devtoolset-7/root/usr/libexec/gcc/x86_64-redhat-linux/7/lto-wrapper -plugin-opt=-fresolution=/tmp/cccOc3UO.res -plugin-opt=-pass-through=-lgcc_s -plugin-opt=-pass-through=-lgcc -plugin-opt=-pass-through=-lquadmath -plugin-opt=-pass-through=-lm -plugin-opt=-pass-through=-lgcc_s -plugin-opt=-pass-through=-lgcc -plugin-opt=-pass-through=-lc -plugin-opt=-pass-through=-lgcc_s -plugin-opt=-pass-through=-lgcc --build-id --no-add-needed --eh-frame-hdr --hash-style=gnu -m elf_x86_64 -dynamic-linker /lib64/ld-linux-x86-64.so.2 /lib/../lib64/crt1.o /lib/../lib64/crti.o /opt/rh/devtoolset-7/root/usr/lib/gcc/x86_64-redhat-linux/7/crtbegin.o -L/opt/rh/devtoolset-7/root/usr/lib/gcc/x86_64-redhat-linux/7 -L/opt/rh/devtoolset-7/root/usr/lib/gcc/x86_64-redhat-linux/7/../../../../lib64 -L/lib/../lib64 -L/usr/lib/../lib64 -L/opt/rh/devtoolset-7/root/usr/lib/gcc/x86_64-redhat-linux/7/../../.. /tmp/cc8i5r8k.o -lgfortran -lm -lgcc_s -lgcc -lquadmath -lm -lgcc_s -lgcc -lc -lgcc_s -lgcc /opt/rh/devtoolset-7/root/usr/lib/gcc/x86_64-redhat-linux/7/crtend.o /lib/../lib64/crtn.o
COLLECT_GCC_OPTIONS='-v' '-shared-libgcc' '-mtune=generic' '-march=x86-64'


Compilation of the Fortran compiler identification source "CMakeFortranCompilerId.F" produced "a.out"

The Fortran compiler identification is GNU, found in "/home/rmcd/git2/prms6-bmi/build/CMakeFiles/3.12.3/CompilerIdFortran/a.out"

Determining if the Fortran compiler works passed with the following output:
Change Dir: /home/rmcd/git2/prms6-bmi/build/CMakeFiles/CMakeTmp

Run Build Command:"/usr/bin/gmake" "cmTC_87122/fast"
/usr/bin/gmake -f CMakeFiles/cmTC_87122.dir/build.make CMakeFiles/cmTC_87122.dir/build
gmake[1]: Entering directory `/home/rmcd/git2/prms6-bmi/build/CMakeFiles/CMakeTmp'
Building Fortran object CMakeFiles/cmTC_87122.dir/testFortranCompiler.f.o
/opt/rh/devtoolset-7/root/usr/bin/gfortran    -c /home/rmcd/git2/prms6-bmi/build/CMakeFiles/CMakeTmp/testFortranCompiler.f -o CMakeFiles/cmTC_87122.dir/testFortranCompiler.f.o
Linking Fortran executable cmTC_87122
/usr/local/bin/cmake -E cmake_link_script CMakeFiles/cmTC_87122.dir/link.txt --verbose=1
/opt/rh/devtoolset-7/root/usr/bin/gfortran      CMakeFiles/cmTC_87122.dir/testFortranCompiler.f.o  -o cmTC_87122 
gmake[1]: Leaving directory `/home/rmcd/git2/prms6-bmi/build/CMakeFiles/CMakeTmp'


Detecting Fortran compiler ABI info compiled with the following output:
Change Dir: /home/rmcd/git2/prms6-bmi/build/CMakeFiles/CMakeTmp

Run Build Command:"/usr/bin/gmake" "cmTC_46ff4/fast"
/usr/bin/gmake -f CMakeFiles/cmTC_46ff4.dir/build.make CMakeFiles/cmTC_46ff4.dir/build
gmake[1]: Entering directory `/home/rmcd/git2/prms6-bmi/build/CMakeFiles/CMakeTmp'
Building Fortran object CMakeFiles/cmTC_46ff4.dir/CMakeFortranCompilerABI.F.o
/opt/rh/devtoolset-7/root/usr/bin/gfortran    -c /usr/local/share/cmake-3.12/Modules/CMakeFortranCompilerABI.F -o CMakeFiles/cmTC_46ff4.dir/CMakeFortranCompilerABI.F.o
Linking Fortran executable cmTC_46ff4
/usr/local/bin/cmake -E cmake_link_script CMakeFiles/cmTC_46ff4.dir/link.txt --verbose=1
/opt/rh/devtoolset-7/root/usr/bin/gfortran   -v   CMakeFiles/cmTC_46ff4.dir/CMakeFortranCompilerABI.F.o  -o cmTC_46ff4 
Driving: /opt/rh/devtoolset-7/root/usr/bin/gfortran -v CMakeFiles/cmTC_46ff4.dir/CMakeFortranCompilerABI.F.o -o cmTC_46ff4 -l gfortran -l m -shared-libgcc
Using built-in specs.
COLLECT_GCC=/opt/rh/devtoolset-7/root/usr/bin/gfortran
COLLECT_LTO_WRAPPER=/opt/rh/devtoolset-7/root/usr/libexec/gcc/x86_64-redhat-linux/7/lto-wrapper
Target: x86_64-redhat-linux
Configured with: ../configure --enable-bootstrap --enable-languages=c,c++,fortran,lto --prefix=/opt/rh/devtoolset-7/root/usr --mandir=/opt/rh/devtoolset-7/root/usr/share/man --infodir=/opt/rh/devtoolset-7/root/usr/share/info --with-bugurl=http://bugzilla.redhat.com/bugzilla --enable-shared --enable-threads=posix --enable-checking=release --enable-multilib --with-system-zlib --enable-__cxa_atexit --disable-libunwind-exceptions --enable-gnu-unique-object --enable-linker-build-id --with-gcc-major-version-only --enable-plugin --with-linker-hash-style=gnu --enable-initfini-array --with-default-libstdcxx-abi=gcc4-compatible --with-isl=/builddir/build/BUILD/gcc-7.3.1-20180303/obj-x86_64-redhat-linux/isl-install --enable-libmpx --enable-gnu-indirect-function --with-tune=generic --with-arch_32=i686 --build=x86_64-redhat-linux
Thread model: posix
gcc version 7.3.1 20180303 (Red Hat 7.3.1-5) (GCC) 
Reading specs from /opt/rh/devtoolset-7/root/usr/lib/gcc/x86_64-redhat-linux/7/libgfortran.spec
rename spec lib to liborig
COLLECT_GCC_OPTIONS='-v' '-o' 'cmTC_46ff4' '-shared-libgcc' '-mtune=generic' '-march=x86-64'
COMPILER_PATH=/opt/rh/devtoolset-7/root/usr/libexec/gcc/x86_64-redhat-linux/7/:/opt/rh/devtoolset-7/root/usr/libexec/gcc/x86_64-redhat-linux/7/:/opt/rh/devtoolset-7/root/usr/libexec/gcc/x86_64-redhat-linux/:/opt/rh/devtoolset-7/root/usr/lib/gcc/x86_64-redhat-linux/7/:/opt/rh/devtoolset-7/root/usr/lib/gcc/x86_64-redhat-linux/
LIBRARY_PATH=/opt/rh/devtoolset-7/root/usr/lib/gcc/x86_64-redhat-linux/7/:/opt/rh/devtoolset-7/root/usr/lib/gcc/x86_64-redhat-linux/7/../../../../lib64/:/lib/../lib64/:/usr/lib/../lib64/:/opt/rh/devtoolset-7/root/usr/lib/gcc/x86_64-redhat-linux/7/../../../:/lib/:/usr/lib/
COLLECT_GCC_OPTIONS='-v' '-o' 'cmTC_46ff4' '-shared-libgcc' '-mtune=generic' '-march=x86-64'
 /opt/rh/devtoolset-7/root/usr/libexec/gcc/x86_64-redhat-linux/7/collect2 -plugin /opt/rh/devtoolset-7/root/usr/libexec/gcc/x86_64-redhat-linux/7/liblto_plugin.so -plugin-opt=/opt/rh/devtoolset-7/root/usr/libexec/gcc/x86_64-redhat-linux/7/lto-wrapper -plugin-opt=-fresolution=/tmp/ccfRj6AJ.res -plugin-opt=-pass-through=-lgcc_s -plugin-opt=-pass-through=-lgcc -plugin-opt=-pass-through=-lquadmath -plugin-opt=-pass-through=-lm -plugin-opt=-pass-through=-lgcc_s -plugin-opt=-pass-through=-lgcc -plugin-opt=-pass-through=-lc -plugin-opt=-pass-through=-lgcc_s -plugin-opt=-pass-through=-lgcc --build-id --no-add-needed --eh-frame-hdr --hash-style=gnu -m elf_x86_64 -dynamic-linker /lib64/ld-linux-x86-64.so.2 -o cmTC_46ff4 /lib/../lib64/crt1.o /lib/../lib64/crti.o /opt/rh/devtoolset-7/root/usr/lib/gcc/x86_64-redhat-linux/7/crtbegin.o -L/opt/rh/devtoolset-7/root/usr/lib/gcc/x86_64-redhat-linux/7 -L/opt/rh/devtoolset-7/root/usr/lib/gcc/x86_64-redhat-linux/7/../../../../lib64 -L/lib/../lib64 -L/usr/lib/../lib64 -L/opt/rh/devtoolset-7/root/usr/lib/gcc/x86_64-redhat-linux/7/../../.. CMakeFiles/cmTC_46ff4.dir/CMakeFortranCompilerABI.F.o -lgfortran -lm -lgcc_s -lgcc -lquadmath -lm -lgcc_s -lgcc -lc -lgcc_s -lgcc /opt/rh/devtoolset-7/root/usr/lib/gcc/x86_64-redhat-linux/7/crtend.o /lib/../lib64/crtn.o
COLLECT_GCC_OPTIONS='-v' '-o' 'cmTC_46ff4' '-shared-libgcc' '-mtune=generic' '-march=x86-64'
gmake[1]: Leaving directory `/home/rmcd/git2/prms6-bmi/build/CMakeFiles/CMakeTmp'


Parsed Fortran implicit link information from above output:
  link line regex: [^( *|.*[/\])(ld|CMAKE_LINK_STARTFILE-NOTFOUND|([^/\]+-)?ld|collect2)[^/\]*( |$)]
  ignore line: [Change Dir: /home/rmcd/git2/prms6-bmi/build/CMakeFiles/CMakeTmp]
  ignore line: []
  ignore line: [Run Build Command:"/usr/bin/gmake" "cmTC_46ff4/fast"]
  ignore line: [/usr/bin/gmake -f CMakeFiles/cmTC_46ff4.dir/build.make CMakeFiles/cmTC_46ff4.dir/build]
  ignore line: [gmake[1]: Entering directory `/home/rmcd/git2/prms6-bmi/build/CMakeFiles/CMakeTmp']
  ignore line: [Building Fortran object CMakeFiles/cmTC_46ff4.dir/CMakeFortranCompilerABI.F.o]
  ignore line: [/opt/rh/devtoolset-7/root/usr/bin/gfortran    -c /usr/local/share/cmake-3.12/Modules/CMakeFortranCompilerABI.F -o CMakeFiles/cmTC_46ff4.dir/CMakeFortranCompilerABI.F.o]
  ignore line: [Linking Fortran executable cmTC_46ff4]
  ignore line: [/usr/local/bin/cmake -E cmake_link_script CMakeFiles/cmTC_46ff4.dir/link.txt --verbose=1]
  ignore line: [/opt/rh/devtoolset-7/root/usr/bin/gfortran   -v   CMakeFiles/cmTC_46ff4.dir/CMakeFortranCompilerABI.F.o  -o cmTC_46ff4 ]
  ignore line: [Driving: /opt/rh/devtoolset-7/root/usr/bin/gfortran -v CMakeFiles/cmTC_46ff4.dir/CMakeFortranCompilerABI.F.o -o cmTC_46ff4 -l gfortran -l m -shared-libgcc]
  ignore line: [Using built-in specs.]
  ignore line: [COLLECT_GCC=/opt/rh/devtoolset-7/root/usr/bin/gfortran]
  ignore line: [COLLECT_LTO_WRAPPER=/opt/rh/devtoolset-7/root/usr/libexec/gcc/x86_64-redhat-linux/7/lto-wrapper]
  ignore line: [Target: x86_64-redhat-linux]
  ignore line: [Configured with: ../configure --enable-bootstrap --enable-languages=c,c++,fortran,lto --prefix=/opt/rh/devtoolset-7/root/usr --mandir=/opt/rh/devtoolset-7/root/usr/share/man --infodir=/opt/rh/devtoolset-7/root/usr/share/info --with-bugurl=http://bugzilla.redhat.com/bugzilla --enable-shared --enable-threads=posix --enable-checking=release --enable-multilib --with-system-zlib --enable-__cxa_atexit --disable-libunwind-exceptions --enable-gnu-unique-object --enable-linker-build-id --with-gcc-major-version-only --enable-plugin --with-linker-hash-style=gnu --enable-initfini-array --with-default-libstdcxx-abi=gcc4-compatible --with-isl=/builddir/build/BUILD/gcc-7.3.1-20180303/obj-x86_64-redhat-linux/isl-install --enable-libmpx --enable-gnu-indirect-function --with-tune=generic --with-arch_32=i686 --build=x86_64-redhat-linux]
  ignore line: [Thread model: posix]
  ignore line: [gcc version 7.3.1 20180303 (Red Hat 7.3.1-5) (GCC) ]
  ignore line: [Reading specs from /opt/rh/devtoolset-7/root/usr/lib/gcc/x86_64-redhat-linux/7/libgfortran.spec]
  ignore line: [rename spec lib to liborig]
  ignore line: [COLLECT_GCC_OPTIONS='-v' '-o' 'cmTC_46ff4' '-shared-libgcc' '-mtune=generic' '-march=x86-64']
  ignore line: [COMPILER_PATH=/opt/rh/devtoolset-7/root/usr/libexec/gcc/x86_64-redhat-linux/7/:/opt/rh/devtoolset-7/root/usr/libexec/gcc/x86_64-redhat-linux/7/:/opt/rh/devtoolset-7/root/usr/libexec/gcc/x86_64-redhat-linux/:/opt/rh/devtoolset-7/root/usr/lib/gcc/x86_64-redhat-linux/7/:/opt/rh/devtoolset-7/root/usr/lib/gcc/x86_64-redhat-linux/]
  ignore line: [LIBRARY_PATH=/opt/rh/devtoolset-7/root/usr/lib/gcc/x86_64-redhat-linux/7/:/opt/rh/devtoolset-7/root/usr/lib/gcc/x86_64-redhat-linux/7/../../../../lib64/:/lib/../lib64/:/usr/lib/../lib64/:/opt/rh/devtoolset-7/root/usr/lib/gcc/x86_64-redhat-linux/7/../../../:/lib/:/usr/lib/]
  ignore line: [COLLECT_GCC_OPTIONS='-v' '-o' 'cmTC_46ff4' '-shared-libgcc' '-mtune=generic' '-march=x86-64']
  link line: [ /opt/rh/devtoolset-7/root/usr/libexec/gcc/x86_64-redhat-linux/7/collect2 -plugin /opt/rh/devtoolset-7/root/usr/libexec/gcc/x86_64-redhat-linux/7/liblto_plugin.so -plugin-opt=/opt/rh/devtoolset-7/root/usr/libexec/gcc/x86_64-redhat-linux/7/lto-wrapper -plugin-opt=-fresolution=/tmp/ccfRj6AJ.res -plugin-opt=-pass-through=-lgcc_s -plugin-opt=-pass-through=-lgcc -plugin-opt=-pass-through=-lquadmath -plugin-opt=-pass-through=-lm -plugin-opt=-pass-through=-lgcc_s -plugin-opt=-pass-through=-lgcc -plugin-opt=-pass-through=-lc -plugin-opt=-pass-through=-lgcc_s -plugin-opt=-pass-through=-lgcc --build-id --no-add-needed --eh-frame-hdr --hash-style=gnu -m elf_x86_64 -dynamic-linker /lib64/ld-linux-x86-64.so.2 -o cmTC_46ff4 /lib/../lib64/crt1.o /lib/../lib64/crti.o /opt/rh/devtoolset-7/root/usr/lib/gcc/x86_64-redhat-linux/7/crtbegin.o -L/opt/rh/devtoolset-7/root/usr/lib/gcc/x86_64-redhat-linux/7 -L/opt/rh/devtoolset-7/root/usr/lib/gcc/x86_64-redhat-linux/7/../../../../lib64 -L/lib/../lib64 -L/usr/lib/../lib64 -L/opt/rh/devtoolset-7/root/usr/lib/gcc/x86_64-redhat-linux/7/../../.. CMakeFiles/cmTC_46ff4.dir/CMakeFortranCompilerABI.F.o -lgfortran -lm -lgcc_s -lgcc -lquadmath -lm -lgcc_s -lgcc -lc -lgcc_s -lgcc /opt/rh/devtoolset-7/root/usr/lib/gcc/x86_64-redhat-linux/7/crtend.o /lib/../lib64/crtn.o]
    arg [/opt/rh/devtoolset-7/root/usr/libexec/gcc/x86_64-redhat-linux/7/collect2] ==> ignore
    arg [-plugin] ==> ignore
    arg [/opt/rh/devtoolset-7/root/usr/libexec/gcc/x86_64-redhat-linux/7/liblto_plugin.so] ==> ignore
    arg [-plugin-opt=/opt/rh/devtoolset-7/root/usr/libexec/gcc/x86_64-redhat-linux/7/lto-wrapper] ==> ignore
    arg [-plugin-opt=-fresolution=/tmp/ccfRj6AJ.res] ==> ignore
    arg [-plugin-opt=-pass-through=-lgcc_s] ==> ignore
    arg [-plugin-opt=-pass-through=-lgcc] ==> ignore
    arg [-plugin-opt=-pass-through=-lquadmath] ==> ignore
    arg [-plugin-opt=-pass-through=-lm] ==> ignore
    arg [-plugin-opt=-pass-through=-lgcc_s] ==> ignore
    arg [-plugin-opt=-pass-through=-lgcc] ==> ignore
    arg [-plugin-opt=-pass-through=-lc] ==> ignore
    arg [-plugin-opt=-pass-through=-lgcc_s] ==> ignore
    arg [-plugin-opt=-pass-through=-lgcc] ==> ignore
    arg [--build-id] ==> ignore
    arg [--no-add-needed] ==> ignore
    arg [--eh-frame-hdr] ==> ignore
    arg [--hash-style=gnu] ==> ignore
    arg [-m] ==> ignore
    arg [elf_x86_64] ==> ignore
    arg [-dynamic-linker] ==> ignore
    arg [/lib64/ld-linux-x86-64.so.2] ==> ignore
    arg [-o] ==> ignore
    arg [cmTC_46ff4] ==> ignore
    arg [/lib/../lib64/crt1.o] ==> ignore
    arg [/lib/../lib64/crti.o] ==> ignore
    arg [/opt/rh/devtoolset-7/root/usr/lib/gcc/x86_64-redhat-linux/7/crtbegin.o] ==> ignore
    arg [-L/opt/rh/devtoolset-7/root/usr/lib/gcc/x86_64-redhat-linux/7] ==> dir [/opt/rh/devtoolset-7/root/usr/lib/gcc/x86_64-redhat-linux/7]
    arg [-L/opt/rh/devtoolset-7/root/usr/lib/gcc/x86_64-redhat-linux/7/../../../../lib64] ==> dir [/opt/rh/devtoolset-7/root/usr/lib/gcc/x86_64-redhat-linux/7/../../../../lib64]
    arg [-L/lib/../lib64] ==> dir [/lib/../lib64]
    arg [-L/usr/lib/../lib64] ==> dir [/usr/lib/../lib64]
    arg [-L/opt/rh/devtoolset-7/root/usr/lib/gcc/x86_64-redhat-linux/7/../../..] ==> dir [/opt/rh/devtoolset-7/root/usr/lib/gcc/x86_64-redhat-linux/7/../../..]
    arg [CMakeFiles/cmTC_46ff4.dir/CMakeFortranCompilerABI.F.o] ==> ignore
    arg [-lgfortran] ==> lib [gfortran]
    arg [-lm] ==> lib [m]
    arg [-lgcc_s] ==> lib [gcc_s]
    arg [-lgcc] ==> lib [gcc]
    arg [-lquadmath] ==> lib [quadmath]
    arg [-lm] ==> lib [m]
    arg [-lgcc_s] ==> lib [gcc_s]
    arg [-lgcc] ==> lib [gcc]
    arg [-lc] ==> lib [c]
    arg [-lgcc_s] ==> lib [gcc_s]
    arg [-lgcc] ==> lib [gcc]
    arg [/opt/rh/devtoolset-7/root/usr/lib/gcc/x86_64-redhat-linux/7/crtend.o] ==> ignore
    arg [/lib/../lib64/crtn.o] ==> ignore
  collapse library dir [/opt/rh/devtoolset-7/root/usr/lib/gcc/x86_64-redhat-linux/7] ==> [/opt/rh/devtoolset-7/root/usr/lib/gcc/x86_64-redhat-linux/7]
  collapse library dir [/opt/rh/devtoolset-7/root/usr/lib/gcc/x86_64-redhat-linux/7/../../../../lib64] ==> [/opt/rh/devtoolset-7/root/usr/lib64]
  collapse library dir [/lib/../lib64] ==> [/lib64]
  collapse library dir [/usr/lib/../lib64] ==> [/usr/lib64]
  collapse library dir [/opt/rh/devtoolset-7/root/usr/lib/gcc/x86_64-redhat-linux/7/../../..] ==> [/opt/rh/devtoolset-7/root/usr/lib]
  implicit libs: [gfortran;m;gcc_s;gcc;quadmath;m;gcc_s;gcc;c;gcc_s;gcc]
  implicit dirs: [/opt/rh/devtoolset-7/root/usr/lib/gcc/x86_64-redhat-linux/7;/opt/rh/devtoolset-7/root/usr/lib64;/lib64;/usr/lib64;/opt/rh/devtoolset-7/root/usr/lib]
  implicit fwks: []


Determining if the Fortran compiler supports Fortran 90 passed with the following output:
Change Dir: /home/rmcd/git2/prms6-bmi/build/CMakeFiles/CMakeTmp

Run Build Command:"/usr/bin/gmake" "cmTC_f75a9/fast"
/usr/bin/gmake -f CMakeFiles/cmTC_f75a9.dir/build.make CMakeFiles/cmTC_f75a9.dir/build
gmake[1]: Entering directory `/home/rmcd/git2/prms6-bmi/build/CMakeFiles/CMakeTmp'
Building Fortran object CMakeFiles/cmTC_f75a9.dir/testFortranCompilerF90.f90.o
/opt/rh/devtoolset-7/root/usr/bin/gfortran    -c /home/rmcd/git2/prms6-bmi/build/CMakeFiles/CMakeTmp/testFortranCompilerF90.f90 -o CMakeFiles/cmTC_f75a9.dir/testFortranCompilerF90.f90.o
Linking Fortran executable cmTC_f75a9
/usr/local/bin/cmake -E cmake_link_script CMakeFiles/cmTC_f75a9.dir/link.txt --verbose=1
/opt/rh/devtoolset-7/root/usr/bin/gfortran      CMakeFiles/cmTC_f75a9.dir/testFortranCompilerF90.f90.o  -o cmTC_f75a9 
gmake[1]: Leaving directory `/home/rmcd/git2/prms6-bmi/build/CMakeFiles/CMakeTmp'


